<?xml version="1.0" encoding="UTF-8"?>
<!-- Generated by org.testng.reporters.JUnitReportReporter -->
<testsuite skipped="0" hostname="HIXTESTERDSKTP1" name="com.w2a.testcases.SmokeTest" tests="1" failures="0" timestamp="10 Sep 2019 16:36:02 GMT" time="20.078" errors="0">
  <testcase name="smokeTest" time="20.078" classname="com.w2a.testcases.SmokeTest"/>
</testsuite> <!-- com.w2a.testcases.SmokeTest -->
