<?xml version="1.0" encoding="UTF-8"?>
<!-- Generated by org.testng.reporters.JUnitReportReporter -->
<testsuite skipped="0" hostname="HIXTESTERDSKTP1" name="com.w2a.testCases.MCRETTSmokeTest" tests="1" failures="0" timestamp="06 Aug 2019 14:44:24 GMT" time="106.252" errors="0">
  <testcase name="MAApplication" time="106.252" classname="com.w2a.testCases.MCRETTSmokeTest"/>
</testsuite> <!-- com.w2a.testCases.MCRETTSmokeTest -->
