<?xml version="1.0" encoding="UTF-8"?>
<!-- Generated by org.testng.reporters.JUnitReportReporter -->
<testsuite skipped="0" hostname="HIXTESTERDSKTP1" name="com.w2a.testCases.MATTSmokeTest" tests="1" failures="0" timestamp="06 Aug 2019 14:40:50 GMT" time="112.540" errors="0">
  <testcase name="MAApplication" time="112.540" classname="com.w2a.testCases.MATTSmokeTest"/>
</testsuite> <!-- com.w2a.testCases.MATTSmokeTest -->
