<?xml version="1.0" encoding="UTF-8"?>
<!-- Generated by org.testng.reporters.JUnitReportReporter -->
<testsuite skipped="0" hostname="HIXTESTERDSKTP1" name="com.w2a.testCases.LoginTest" tests="1" failures="0" timestamp="15 Mar 2018 15:59:14 GMT" time="82.688" errors="0">
  <testcase name="loginToCitizenPortal" time="82.688" classname="com.w2a.testCases.LoginTest"/>
</testsuite> <!-- com.w2a.testCases.LoginTest -->
