<?xml version="1.0" encoding="UTF-8"?>
<!-- Generated by org.testng.reporters.JUnitReportReporter -->
<testsuite skipped="0" hostname="HIXTESTERDSKTP1" name="com.w2a.testCases.AccountCreationWithDataProvider" tests="3" failures="0" timestamp="06 Jan 2020 14:30:48 GMT" time="209.573" errors="0">
  <testcase name="accountCreationWithDataProvider" time="65.441" classname="com.w2a.testCases.AccountCreationWithDataProvider"/>
  <testcase name="accountCreationWithDataProvider" time="81.332" classname="com.w2a.testCases.AccountCreationWithDataProvider"/>
  <testcase name="accountCreationWithDataProvider" time="62.800" classname="com.w2a.testCases.AccountCreationWithDataProvider"/>
</testsuite> <!-- com.w2a.testCases.AccountCreationWithDataProvider -->
