<?xml version="1.0" encoding="UTF-8"?>
<!-- Generated by org.testng.reporters.JUnitReportReporter -->
<testsuite skipped="0" hostname="HIXTESTERDSKTP1" name="com.w2a.testCases.SmokeTest" tests="2" failures="0" timestamp="10 Jan 2020 19:23:35 GMT" time="514.529" errors="0">
  <testcase name="smokeTest" time="255.428" classname="com.w2a.testCases.SmokeTest"/>
  <testcase name="smokeTest" time="259.101" classname="com.w2a.testCases.SmokeTest"/>
</testsuite> <!-- com.w2a.testCases.SmokeTest -->
