<?xml version="1.0" encoding="UTF-8"?>
<!-- Generated by org.testng.reporters.JUnitReportReporter -->
<testsuite skipped="0" hostname="HIXTESTERDSKTP1" name="com.w2a.testCases.PrismData" tests="8" failures="0" timestamp="02 Jan 2020 17:38:14 GMT" time="2906.588" errors="0">
  <testcase name="prismData" time="363.816" classname="com.w2a.testCases.PrismData"/>
  <testcase name="prismData" time="362.139" classname="com.w2a.testCases.PrismData"/>
  <testcase name="prismData" time="359.416" classname="com.w2a.testCases.PrismData"/>
  <testcase name="prismData" time="366.332" classname="com.w2a.testCases.PrismData"/>
  <testcase name="prismData" time="365.097" classname="com.w2a.testCases.PrismData"/>
  <testcase name="prismData" time="362.308" classname="com.w2a.testCases.PrismData"/>
  <testcase name="prismData" time="359.492" classname="com.w2a.testCases.PrismData"/>
  <testcase name="prismData" time="367.988" classname="com.w2a.testCases.PrismData"/>
</testsuite> <!-- com.w2a.testCases.PrismData -->
