<?xml version="1.0" encoding="UTF-8"?>
<!-- Generated by org.testng.reporters.JUnitReportReporter -->
<testsuite skipped="0" hostname="HIXTESTERDSKTP1" name="com.w2a.testCases.CWSmokeTest" tests="1" failures="0" timestamp="21 Aug 2019 21:01:15 GMT" time="35.077" errors="0">
  <testcase name="cwSmokeTest" time="35.077" classname="com.w2a.testCases.CWSmokeTest"/>
</testsuite> <!-- com.w2a.testCases.CWSmokeTest -->
