<?xml version="1.0" encoding="UTF-8"?>
<!-- Generated by org.testng.reporters.JUnitReportReporter -->
<testsuite skipped="0" hostname="HIXTESTERDSKTP1" name="com.w2a.testCases.FunctionalTwoHH" tests="1" failures="0" timestamp="09 Dec 2019 18:51:31 GMT" time="291.560" errors="0">
  <testcase name="functionalTwoHH" time="291.560" classname="com.w2a.testCases.FunctionalTwoHH"/>
</testsuite> <!-- com.w2a.testCases.FunctionalTwoHH -->
