<?xml version="1.0" encoding="UTF-8"?>
<!-- Generated by org.testng.reporters.JUnitReportReporter -->
<testsuite skipped="0" hostname="HIXTESTERDSKTP1" name="com.w2a.testCases.IASmokeTest" tests="1" failures="0" timestamp="05 Aug 2019 20:41:07 GMT" time="104.610" errors="0">
  <testcase name="MAApplication" time="104.610" classname="com.w2a.testCases.IASmokeTest"/>
</testsuite> <!-- com.w2a.testCases.IASmokeTest -->
