<?xml version="1.0" encoding="UTF-8"?>
<!-- Generated by org.testng.reporters.JUnitReportReporter -->
<testsuite skipped="0" hostname="HIXTESTERDSKTP1" name="com.w2a.testCases.MCRESmokeTest" tests="1" failures="0" timestamp="12 Aug 2019 16:50:35 GMT" time="108.573" errors="0">
  <testcase name="MAApplication" time="108.573" classname="com.w2a.testCases.MCRESmokeTest"/>
</testsuite> <!-- com.w2a.testCases.MCRESmokeTest -->
