<?xml version="1.0" encoding="UTF-8"?>
<!-- Generated by org.testng.reporters.JUnitReportReporter -->
<testsuite skipped="0" hostname="HIXTESTERDSKTP1" name="com.w2a.testCases.MASmokeTest" tests="1" failures="0" timestamp="16 Aug 2019 15:48:54 GMT" time="207.887" errors="0">
  <testcase name="MAApplication" time="207.887" classname="com.w2a.testCases.MASmokeTest"/>
</testsuite> <!-- com.w2a.testCases.MASmokeTest -->
