<?xml version="1.0" encoding="UTF-8"?>
<!-- Generated by org.testng.reporters.JUnitReportReporter -->
<testsuite skipped="0" hostname="HIXTESTERDSKTP1" name="com.w2a.testCases.UUQHPSmokeTest" tests="1" failures="0" timestamp="05 Apr 2018 21:48:05 GMT" time="53.245" errors="0">
  <testcase name="UUQHPApplication" time="53.245" classname="com.w2a.testCases.UUQHPSmokeTest"/>
</testsuite> <!-- com.w2a.testCases.UUQHPSmokeTest -->
